<?xml version="1.0" encoding="UTF-8"?>
<testsuite xmlns:xsi="http://www.w3.org/2001/XMLSchema-instance" xsi:noNamespaceSchemaLocation="https://maven.apache.org/surefire/maven-surefire-plugin/xsd/surefire-test-report.xsd" name="com.impacta.testes.automatizados.PalindromeTest" time="0.092" tests="17" errors="0" skipped="0" failures="0">
  <properties>
[...]
</properties>
  <testcase name="isNotAPalindromeSentence00" classname="com.impacta.testes.automatizados.PalindromeTest" time="0.005"/>
  <testcase name="isNotAPalindromeSentence01" classname="com.impacta.testes.automatizados.PalindromeTest" time="0"/>
  <testcase name="isNotAPalindromeSentence02" classname="com.impacta.testes.automatizados.PalindromeTest" time="0"/>
  <testcase name="isRemovingNonAlphaNumericChars" classname="com.impacta.testes.automatizados.PalindromeTest" time="0"/>
  <testcase name="isNotAPalindromeWord00" classname="com.impacta.testes.automatizados.PalindromeTest" time="0"/>
  <testcase name="isNotAPalindromeWord01" classname="com.impacta.testes.automatizados.PalindromeTest" time="0"/>
  <testcase name="isNotAPalindromeWord02" classname="com.impacta.testes.automatizados.PalindromeTest" time="0"/>
  <testcase name="isAPalindromeWord00" classname="com.impacta.testes.automatizados.PalindromeTest" time="0"/>
  <testcase name="isAPalindromeWord01" classname="com.impacta.testes.automatizados.PalindromeTest" time="0.001"/>
  <testcase name="isAPalindromeWord02" classname="com.impacta.testes.automatizados.PalindromeTest" time="0.001"/>
  <testcase name="isAPalindromeWord03" classname="com.impacta.testes.automatizados.PalindromeTest" time="0.001"/>
  <testcase name="isAPalindromeWord04" classname="com.impacta.testes.automatizados.PalindromeTest" time="0"/>
  <testcase name="isAPalindromeSentence00" classname="com.impacta.testes.automatizados.PalindromeTest" time="0"/>
  <testcase name="isAPalindromeSentence01" classname="com.impacta.testes.automatizados.PalindromeTest" time="0.002"/>
  <testcase name="isAPalindromeSentence02" classname="com.impacta.testes.automatizados.PalindromeTest" time="0.001"/>
  <testcase name="isAPalindromeSentence03" classname="com.impacta.testes.automatizados.PalindromeTest" time="0.001"/>
  <testcase name="isAPalindromeSentence04" classname="com.impacta.testes.automatizados.PalindromeTest" time="0"/>
</testsuite>